[debug] [2022-12-17T11:45:20.764Z] ----------------------------------------------------------------------
[debug] [2022-12-17T11:45:20.767Z] Command:       C:\Program Files\nodejs\node.exe C:\Users\pc\AppData\Roaming\npm\node_modules\firebase-tools\lib\bin\firebase.js init
[debug] [2022-12-17T11:45:20.767Z] CLI Version:   11.16.1
[debug] [2022-12-17T11:45:20.768Z] Platform:      win32
[debug] [2022-12-17T11:45:20.768Z] Node Version:  v18.12.1
[debug] [2022-12-17T11:45:20.769Z] Time:          Sat Dec 17 2022 08:45:20 GMT-0300 (Horário Padrão de Brasília)
[debug] [2022-12-17T11:45:20.769Z] ----------------------------------------------------------------------
[debug] 
[debug] [2022-12-17T11:45:20.774Z] >>> [apiv2][query] GET https://firebase-public.firebaseio.com/cli.json [none]
[debug] [2022-12-17T11:45:20.846Z] > command requires scopes: ["email","openid","https://www.googleapis.com/auth/cloudplatformprojects.readonly","https://www.googleapis.com/auth/firebase","https://www.googleapis.com/auth/cloud-platform"]
[debug] [2022-12-17T11:45:20.847Z] > authorizing via signed-in user (francisco.contatoportfolio@gmail.com)
[info] 
     ######## #### ########  ######## ########     ###     ######  ########
     ##        ##  ##     ## ##       ##     ##  ##   ##  ##       ##
     ######    ##  ########  ######   ########  #########  ######  ######
     ##        ##  ##    ##  ##       ##     ## ##     ##       ## ##
     ##       #### ##     ## ######## ########  ##     ##  ######  ########

You're about to initialize a Firebase project in this directory:

  C:\Users\pc\Desktop\openweather-react

[debug] [2022-12-17T11:45:21.251Z] <<< [apiv2][status] GET https://firebase-public.firebaseio.com/cli.json 200
[debug] [2022-12-17T11:45:21.252Z] <<< [apiv2][body] GET https://firebase-public.firebaseio.com/cli.json {"cloudBuildErrorAfter":1594252800000,"cloudBuildWarnAfter":1590019200000,"defaultNode10After":1594252800000,"minVersion":"3.0.5","node8DeploysDisabledAfter":1613390400000,"node8RuntimeDisabledAfter":1615809600000,"node8WarnAfter":1600128000000}
[info] 
=== Project Setup
[info] 
[info] First, let's associate this project directory with a Firebase project.
[info] You can create multiple project aliases by running firebase use --add, 
[info] but for now we'll just set up a default project.
[info] 
[debug] [2022-12-17T11:49:42.524Z] > refreshing access token with scopes: []
[debug] [2022-12-17T11:49:42.526Z] >>> [apiv2][query] POST https://www.googleapis.com/oauth2/v3/token [none]
[debug] [2022-12-17T11:49:42.527Z] >>> [apiv2][body] POST https://www.googleapis.com/oauth2/v3/token [omitted]
[debug] [2022-12-17T11:49:42.689Z] <<< [apiv2][status] POST https://www.googleapis.com/oauth2/v3/token 200
[debug] [2022-12-17T11:49:42.689Z] <<< [apiv2][body] POST https://www.googleapis.com/oauth2/v3/token [omitted]
[debug] [2022-12-17T11:49:42.802Z] >>> [apiv2][query] GET https://firebase.googleapis.com/v1beta1/projects pageSize=100
[debug] [2022-12-17T11:49:43.485Z] <<< [apiv2][status] GET https://firebase.googleapis.com/v1beta1/projects 200
[debug] [2022-12-17T11:49:43.485Z] <<< [apiv2][body] GET https://firebase.googleapis.com/v1beta1/projects [omitted]
[debug] [2022-12-17T11:50:29.247Z] ----------------------------------------------------------------------
[debug] [2022-12-17T11:50:29.250Z] Command:       C:\Program Files\nodejs\node.exe C:\Users\pc\AppData\Roaming\npm\node_modules\firebase-tools\lib\bin\firebase.js init
[debug] [2022-12-17T11:50:29.251Z] CLI Version:   11.16.1
[debug] [2022-12-17T11:50:29.251Z] Platform:      win32
[debug] [2022-12-17T11:50:29.251Z] Node Version:  v18.12.1
[debug] [2022-12-17T11:50:29.253Z] Time:          Sat Dec 17 2022 08:50:29 GMT-0300 (Horário Padrão de Brasília)
[debug] [2022-12-17T11:50:29.253Z] ----------------------------------------------------------------------
[debug] 
[debug] [2022-12-17T11:50:29.262Z] > command requires scopes: ["email","openid","https://www.googleapis.com/auth/cloudplatformprojects.readonly","https://www.googleapis.com/auth/firebase","https://www.googleapis.com/auth/cloud-platform"]
[debug] [2022-12-17T11:50:29.263Z] > authorizing via signed-in user (francisco.contatoportfolio@gmail.com)
[info] 
     ######## #### ########  ######## ########     ###     ######  ########
     ##        ##  ##     ## ##       ##     ##  ##   ##  ##       ##
     ######    ##  ########  ######   ########  #########  ######  ######
     ##        ##  ##    ##  ##       ##     ## ##     ##       ## ##
     ##       #### ##     ## ######## ########  ##     ##  ######  ########

You're about to initialize a Firebase project in this directory:

  C:\Users\pc\Desktop\openweather-react

[info] 
=== Project Setup
[info] 
[info] First, let's associate this project directory with a Firebase project.
[info] You can create multiple project aliases by running firebase use --add, 
[info] but for now we'll just set up a default project.
[info] 
[info] i  If you want to create a project in a Google Cloud organization or folder, please use "firebase projects:create" instead, and return to this command when you've created the project. 
[debug] [2022-12-17T11:58:07.353Z] ----------------------------------------------------------------------
[debug] [2022-12-17T11:58:07.356Z] Command:       C:\Program Files\nodejs\node.exe C:\Users\pc\AppData\Roaming\npm\node_modules\firebase-tools\lib\bin\firebase.js init
[debug] [2022-12-17T11:58:07.357Z] CLI Version:   11.16.1
[debug] [2022-12-17T11:58:07.357Z] Platform:      win32
[debug] [2022-12-17T11:58:07.358Z] Node Version:  v18.12.1
[debug] [2022-12-17T11:58:07.359Z] Time:          Sat Dec 17 2022 08:58:07 GMT-0300 (Horário Padrão de Brasília)
[debug] [2022-12-17T11:58:07.359Z] ----------------------------------------------------------------------
[debug] 
[debug] [2022-12-17T11:58:07.368Z] > command requires scopes: ["email","openid","https://www.googleapis.com/auth/cloudplatformprojects.readonly","https://www.googleapis.com/auth/firebase","https://www.googleapis.com/auth/cloud-platform"]
[debug] [2022-12-17T11:58:07.369Z] > authorizing via signed-in user (francisco.contatoportfolio@gmail.com)
[info] 
     ######## #### ########  ######## ########     ###     ######  ########
     ##        ##  ##     ## ##       ##     ##  ##   ##  ##       ##
     ######    ##  ########  ######   ########  #########  ######  ######
     ##        ##  ##    ##  ##       ##     ## ##     ##       ## ##
     ##       #### ##     ## ######## ########  ##     ##  ######  ########

You're about to initialize a Firebase project in this directory:

  C:\Users\pc\Desktop\openweather-react

[info] 
=== Project Setup
[info] 
[info] First, let's associate this project directory with a Firebase project.
[info] You can create multiple project aliases by running firebase use --add, 
[info] but for now we'll just set up a default project.
[info] 
[debug] [2022-12-17T11:58:53.259Z] >>> [apiv2][query] GET https://firebase.googleapis.com/v1beta1/projects pageSize=100
[debug] [2022-12-17T11:58:54.001Z] <<< [apiv2][status] GET https://firebase.googleapis.com/v1beta1/projects 200
[debug] [2022-12-17T11:58:54.001Z] <<< [apiv2][body] GET https://firebase.googleapis.com/v1beta1/projects [omitted]
[debug] [2022-12-17T11:59:45.754Z] ----------------------------------------------------------------------
[debug] [2022-12-17T11:59:45.757Z] Command:       C:\Program Files\nodejs\node.exe C:\Users\pc\AppData\Roaming\npm\node_modules\firebase-tools\lib\bin\firebase.js init
[debug] [2022-12-17T11:59:45.758Z] CLI Version:   11.16.1
[debug] [2022-12-17T11:59:45.758Z] Platform:      win32
[debug] [2022-12-17T11:59:45.759Z] Node Version:  v18.12.1
[debug] [2022-12-17T11:59:45.760Z] Time:          Sat Dec 17 2022 08:59:45 GMT-0300 (Horário Padrão de Brasília)
[debug] [2022-12-17T11:59:45.760Z] ----------------------------------------------------------------------
[debug] 
[debug] [2022-12-17T11:59:45.769Z] > command requires scopes: ["email","openid","https://www.googleapis.com/auth/cloudplatformprojects.readonly","https://www.googleapis.com/auth/firebase","https://www.googleapis.com/auth/cloud-platform"]
[debug] [2022-12-17T11:59:45.770Z] > authorizing via signed-in user (francisco.contatoportfolio@gmail.com)
[info] 
     ######## #### ########  ######## ########     ###     ######  ########
     ##        ##  ##     ## ##       ##     ##  ##   ##  ##       ##
     ######    ##  ########  ######   ########  #########  ######  ######
     ##        ##  ##    ##  ##       ##     ## ##     ##       ## ##
     ##       #### ##     ## ######## ########  ##     ##  ######  ########

You're about to initialize a Firebase project in this directory:

  C:\Users\pc\Desktop\openweather-react

[info] 
=== Project Setup
[info] 
[info] First, let's associate this project directory with a Firebase project.
[info] You can create multiple project aliases by running firebase use --add, 
[info] but for now we'll just set up a default project.
[info] 
[info] i  If you want to create a project in a Google Cloud organization or folder, please use "firebase projects:create" instead, and return to this command when you've created the project. 
[debug] [2022-12-17T12:01:17.309Z] >>> [apiv2][query] POST https://cloudresourcemanager.googleapis.com/v1/projects [none]
[debug] [2022-12-17T12:01:17.310Z] >>> [apiv2][body] POST https://cloudresourcemanager.googleapis.com/v1/projects {"projectId":"openweather-react","name":"y"}
[debug] [2022-12-17T12:01:18.282Z] <<< [apiv2][status] POST https://cloudresourcemanager.googleapis.com/v1/projects 400
[debug] [2022-12-17T12:01:18.283Z] <<< [apiv2][body] POST https://cloudresourcemanager.googleapis.com/v1/projects {"error":{"code":400,"message":"field [display_name] has issue [project display name must be at least 4 characters]","status":"INVALID_ARGUMENT","details":[{"@type":"type.googleapis.com/google.rpc.BadRequest","fieldViolations":[{"field":"display_name","description":"project display name must be at least 4 characters"}]},{"@type":"type.googleapis.com/google.rpc.Help","links":[{"url":"https://cloud.google.com/resource-manager/reference/rest/v1/projects"}]}]}}
[debug] [2022-12-17T12:01:18.419Z] FirebaseError: HTTP Error: 400, field [display_name] has issue [project display name must be at least 4 characters]
    at responseToError (C:\Users\pc\AppData\Roaming\npm\node_modules\firebase-tools\lib\responseToError.js:49:12)
    at RetryOperation._fn (C:\Users\pc\AppData\Roaming\npm\node_modules\firebase-tools\lib\apiv2.js:288:77)
    at process.processTicksAndRejections (node:internal/process/task_queues:95:5)
[error] 
[error] Error: Failed to create project. See firebase-debug.log for more info.
